[ldp.page/dieulinh.html]
[backblue.gif]
[fade.gif]
[index.html]
[w.ladicdn.com/v2/source/ladipage.vi.mine593.js]
[w.ladicdn.com/s1440x679/63b437c15e1bcc0038b3b934/1e8d88f93596f8f71021776b719e9fce-20230307145447-ell1k.jpg]
[w.ladicdn.com/s850x1000/63b437c15e1bcc0038b3b934/img_20210415_103308-lon-20230312070505-y_jqd.jpg]
[w.ladicdn.com/s1440x362/63b437c15e1bcc0038b3b934/1e8d88f93596f8f71021776b719e9fce-20230307144928-vijip.jpg]
[w.ladicdn.com/s850x650/63b437c15e1bcc0038b3b934/dich-gia-20230309140201-m0zl4.jpg]
[w.ladicdn.com/s850x650/63b437c15e1bcc0038b3b934/anh-chup-man-hinh-2023-03-09-luc-061319-20230309141433-ocwcx.png]
[w.ladicdn.com/s650x550/63b437c15e1bcc0038b3b934/anh-5_result_1566377904-20230310151235-hda5k.jpg]
[w.ladicdn.com/s600x500/63b437c15e1bcc0038b3b934/homekit-secure-video-quan-trong-voi-nha-thong-minh-20230311154643-igug9.png]
[w.ladicdn.com/s600x500/63b437c15e1bcc0038b3b934/homepod-20230311155009-pedcr.jpg]
[w.ladicdn.com/s600x500/63b437c15e1bcc0038b3b934/tro-ly-ao-huu-ich-trong-covid19-20230311155052-sj9gy.png]
[w.ladicdn.com/s600x500/63b437c15e1bcc0038b3b934/nguy-co-lo-hinh-anh-video-ca-nhan-tu-camera-20230311154340-a1gvs.jpg]
[w.ladicdn.com/s650x550/63b437c15e1bcc0038b3b934/anh-3_result_1565692451-20230310151935-ejnmh.jpg]
[w.ladicdn.com/s650x550/63b437c15e1bcc0038b3b934/anh-1_result_1566358505-20230310151626-y7th9.jpg]
[w.ladicdn.com/s650x550/63b437c15e1bcc0038b3b934/anh-2_result_1566315669-20230310152157-bywet.jpg]
[w.ladicdn.com/s650x550/63b437c15e1bcc0038b3b934/anh-7_result_1566631639-20230310152335-wr2f7.jpg]
[w.ladicdn.com/s650x550/63b437c15e1bcc0038b3b934/hinh-8_result_1565225917-20230310152607-r9l4q.jpg]
[w.ladicdn.com/s650x550/63b437c15e1bcc0038b3b934/anh-5_result_1566554799-20230310152444-v6wbt.jpg]
[w.ladicdn.com/s650x550/63b437c15e1bcc0038b3b934/anh-16_result_1565774236-20230310152721-wpikg.jpg]
[w.ladicdn.com/s550x650/63b437c15e1bcc0038b3b934/447233e4-7a94-4767-bdc5-9428a20dc010_1_201_a-20230310163912-gub5d.jpg]
[w.ladicdn.com/s550x650/63b437c15e1bcc0038b3b934/224506ce-a14f-4372-94c9-de678ce85866_1_201_a-20230310164114-tl6f3.jpg]
[w.ladicdn.com/s550x650/63b437c15e1bcc0038b3b934/e9a53d75-6537-4915-b7f3-e8b0288c9853_1_201_a-20230310164114-12dfp.jpg]
[w.ladicdn.com/s550x650/63b437c15e1bcc0038b3b934/cc726342-5fca-428a-becf-88520fe328e4_1_201_a-20230310164306-g7zqw.jpg]
[w.ladicdn.com/s550x650/63b437c15e1bcc0038b3b934/5c377891-7ee5-447e-bdb2-abd1219090cc_1_201_a-20230310164226-tskk8.jpg]
[w.ladicdn.com/s550x650/63b437c15e1bcc0038b3b934/53ca405c-6b28-4709-81e0-34834bb04ce8_1_201_a-20230310164400--dbge.jpg]
[w.ladicdn.com/s550x650/63b437c15e1bcc0038b3b934/49773690-c7aa-4afc-ba8b-cee2d4643e5a_1_201_a-20230310164400-csqti.jpg]
[w.ladicdn.com/s550x650/63b437c15e1bcc0038b3b934/ca05d7b9-4f95-436d-a14e-a19458f99b7b_1_201_a-20230310164400-d77__.jpg]
[w.ladicdn.com/s550x650/63b437c15e1bcc0038b3b934/dbffe884-e6f4-4f63-a4d9-36d2dce83b56_1_201_a-20230310164359-kkea3.jpg]
[w.ladicdn.com/s550x650/63b437c15e1bcc0038b3b934/ba3e7508-27cf-41d5-9269-044953148278_1_201_a-20230310164359-22cvb.jpg]
[w.ladicdn.com/s550x650/63b437c15e1bcc0038b3b934/46c8ee39-0580-4754-9298-808b5f63bf6c_1_201_a-20230310164359-9tplu.jpg]
[w.ladicdn.com/s550x650/63b437c15e1bcc0038b3b934/84f3ed8e-09a9-44c2-94e1-f15e046440ca_1_201_a-20230310164227-mbgdv.jpg]
[w.ladicdn.com/s550x650/63b437c15e1bcc0038b3b934/365e4070-5e39-430e-9c0f-1e7414efd52d_1_201_a-20230310164114-wj02z.jpg]
[w.ladicdn.com/s550x650/63b437c15e1bcc0038b3b934/2852ab46-525b-4164-8153-a326c192b594_1_201_a-20230310164114-vqlwq.jpg]
[w.ladicdn.com/s550x650/63b437c15e1bcc0038b3b934/cdd795b5-9b97-4205-ac9c-462a69d31981_1_201_a-20230310164114-vyo5z.jpg]
[w.ladicdn.com/s550x650/63b437c15e1bcc0038b3b934/1d6fc40a-5ab8-4277-b3f8-a437157036ca_1_201_a-20230310164328-dxxtf.jpg]
[w.ladicdn.com/s550x650/63b437c15e1bcc0038b3b934/977d44e9-17b2-41e9-891a-253996399783_1_201_a-20230310164359-eqdkh.jpg]
[w.ladicdn.com/s550x650/63b437c15e1bcc0038b3b934/e66d5eb7-4215-407a-b8ed-3d14035043b5_1_201_a-20230310164328-qfjf8.jpg]
[w.ladicdn.com/s550x650/63b437c15e1bcc0038b3b934/cf2bc099-6d8b-4431-9bbb-c7140c9a3ddf_1_201_a-20230310164328-8b0th.jpg]
[w.ladicdn.com/s550x650/63b437c15e1bcc0038b3b934/68f770bc-148c-499a-b405-bcac93b7300b_1_201_a-20230310164328-zwjqq.jpg]
[w.ladicdn.com/s550x650/63b437c15e1bcc0038b3b934/46c8640b-9feb-4f11-aaac-ec24e491776d_1_201_a-20230310164328-znkeo.jpg]
[w.ladicdn.com/s550x650/63b437c15e1bcc0038b3b934/9bc09310-73b3-46d6-ac56-2f9daac778d3_1_201_a-20230310164328-airh2.jpg]
[w.ladicdn.com/s550x650/63b437c15e1bcc0038b3b934/cbe6b80f-5856-484e-9273-0cbc549ba711_1_201_a-20230310164328-xc2yr.jpg]
[w.ladicdn.com/s550x650/63b437c15e1bcc0038b3b934/547c5a17-c21e-4215-b543-ef7a0e08280e_1_201_a-20230310164307-h-fql.jpg]
[w.ladicdn.com/s550x650/63b437c15e1bcc0038b3b934/72e331ce-a499-4004-8727-5bf800dac10f_1_201_a-20230310164307-br0qf.jpg]
[w.ladicdn.com/s550x650/63b437c15e1bcc0038b3b934/75302123-f406-470a-97a6-fa816451a0ab_1_201_a-20230310164307-kj1o0.jpg]
[w.ladicdn.com/s550x650/63b437c15e1bcc0038b3b934/f4822bd9-f2c1-4927-abf0-3600aab7a2bc_1_201_a-20230310164306-ezva3.jpg]
[w.ladicdn.com/s550x650/63b437c15e1bcc0038b3b934/47d1d8ba-5aa6-4714-9d19-b4ee8e0941f1_1_201_a-20230310164306-mkyn6.jpg]
[w.ladicdn.com/s550x650/63b437c15e1bcc0038b3b934/8a78b8c8-f8db-4bf7-aa64-480fc36556fc_1_201_a-20230310164306-ceg9j.jpg]
[w.ladicdn.com/s550x650/63b437c15e1bcc0038b3b934/914ccfb1-6dbe-48d4-92df-6b6c685712c4_1_201_a-20230310164306-cikc-.jpg]
[w.ladicdn.com/s550x650/63b437c15e1bcc0038b3b934/96dc156f-c819-4184-8eec-e035df627d1a_1_201_a-20230310164306-phzxy.jpg]
[w.ladicdn.com/s550x650/63b437c15e1bcc0038b3b934/3230e0e9-6c5a-4978-895f-e0eceb67326a_1_201_a-20230310164306-hnqwp.jpg]
[w.ladicdn.com/s550x650/63b437c15e1bcc0038b3b934/e47eb2ef-0f1c-4a57-a746-d908f6672b8d_1_201_a-20230310164227-kc-ns.jpg]
[w.ladicdn.com/s550x650/63b437c15e1bcc0038b3b934/75c4d123-04e4-44f0-92bb-4ff179f639b8_1_201_a-20230310164227-x6p7z.jpg]
[w.ladicdn.com/s550x650/63b437c15e1bcc0038b3b934/7bdcb2ce-3264-40a0-9736-f59dd0983159_1_201_a-20230310164227-ihejx.jpg]
[w.ladicdn.com/s550x650/63b437c15e1bcc0038b3b934/aaae12e1-7954-4ea8-afd1-9afcb6b3d5aa_1_201_a-20230310164227-6ps37.jpg]
[w.ladicdn.com/s550x650/63b437c15e1bcc0038b3b934/d278362e-5af2-41cd-a5de-bf29259bd246_1_201_a-20230310164227-okwmy.jpg]
[w.ladicdn.com/s550x650/63b437c15e1bcc0038b3b934/2d70de03-2d41-42e6-96de-1253f735388d_1_201_a-20230311151902-rfkme.jpg]
[w.ladicdn.com/s550x650/63b437c15e1bcc0038b3b934/c2a27ad0-3b4e-4f71-a9df-41c2b9eb626f_1_201_a-20230311151903-rzs1e.jpg]
[w.ladicdn.com/s950x650/63b437c15e1bcc0038b3b934/google-hanh-dong-khi-covid19-lan-rong-1-20230311155133-vwwsp.jpg]
[w.ladicdn.com/s400x400/57b167c9ca57d39c18a1c57c/bup1ZVlA20220815041925.jpg]
[w.ladicdn.com/s400x400/57b167c9ca57d39c18a1c57c/cw9cchn220220815042240.jpg]
[w.ladicdn.com/s600x500/63b437c15e1bcc0038b3b934/1-01-15243-20230310134324-k1lq7.jpg]
[w.ladicdn.com/s600x450/63b437c15e1bcc0038b3b934/8f8a6075-161341-20230310150022-6mc-c.jpg]
[w.ladicdn.com/s600x450/63b437c15e1bcc0038b3b934/sbm02088-111676-20230310150223-cwlj0.jpg]
[w.ladicdn.com/s600x500/63b437c15e1bcc0038b3b934/cover-event-1200x628pxl-213077-20230310150112-fedhm.jpg]
[w.ladicdn.com/s600x500/63b437c15e1bcc0038b3b934/album-0-144943-20230310145651-cpktx.jpg]
[w.ladicdn.com/s600x450/63b437c15e1bcc0038b3b934/chauphi-1633663181_750x0-20230310145802-7omxx.jpg]
[w.ladicdn.com/s1000x700/63b437c15e1bcc0038b3b934/jazz-20230312025452-qnq4g.png]
[w.ladicdn.com/s600x750/63b437c15e1bcc0038b3b934/thu-moi-a5-event-van-gohh-final-chi-20230312025453-i07hg.jpg]
[w.ladicdn.com/s550x550/63b437c15e1bcc0038b3b934/img_1501-20230312025452-_rjoa.jpg]
[w.ladicdn.com/s550x550/63b437c15e1bcc0038b3b934/img_1499-20230312025452-iscoi.png]
[w.ladicdn.com/s550x550/63b437c15e1bcc0038b3b934/la-ma-20230312025453--tw8_.jpg]
[w.ladicdn.com/s286x160/63b437c15e1bcc0038b3b934/anh-chup-man-hinh-2023-03-12-luc-103638-20230312033944-gfx1l.png]
[img.youtube.com/vi/YbIJaX4FJT8/hqdefault.jpg]
[img.youtube.com/vi/omgEvUgCgsA/hqdefault.jpg]
[img.youtube.com/vi/JluQ_OWprS4/hqdefault.jpg]
[img.youtube.com/vi/ynhws510l8g/hqdefault.jpg]
[w.ladicdn.com/s700x550/63b437c15e1bcc0038b3b934/ra-mat-7-cuon-20230312041816-rlpsg.jpg]
[w.ladicdn.com/s700x550/63b437c15e1bcc0038b3b934/israel-20230312041814-kfqdg.jpg]
[w.ladicdn.com/s650x550/63b437c15e1bcc0038b3b934/ve-gi-cung-la-tu-hoa-20230312041818-j9pau.jpg]
[w.ladicdn.com/s700x550/63b437c15e1bcc0038b3b934/ktdb-20230312041815-9tegc.jpg]
[w.ladicdn.com/s550x500/63b437c15e1bcc0038b3b934/truong-phap-20230312041817-sq11w.jpg]
[w.ladicdn.com/s550x500/63b437c15e1bcc0038b3b934/ra-mat-tsdn-20230312041816-c2t_d.jpg]
[w.ladicdn.com/s700x550/63b437c15e1bcc0038b3b934/choi-jazz-20230312041843-ujldq.jpg]
[w.ladicdn.com/s650x500/63b437c15e1bcc0038b3b934/tieng-goi-do-20230312041817-9qet1.jpg]
[w.ladicdn.com/s550x500/63b437c15e1bcc0038b3b934/ve-gi-cung-la-tu-hoa-20230312041818-j9pau.jpg]
[w.ladicdn.com/s550x550/63b437c15e1bcc0038b3b934/277673800_2798589807103110_3023931335345610174_n-20230312050304-l0rke.jpg]
[w.ladicdn.com/s550x650/63b437c15e1bcc0038b3b934/ed793392-6e58-4a02-b20e-772adf1eb44d_1_201_a-20230311151903-10z2d.jpg]
[w.ladicdn.com/s550x750/63b437c15e1bcc0038b3b934/1634eed3-c2b9-453a-9ce9-dee5bb0b3071_1_201_a-20230312062858-j5rwt.jpg]
[w.ladicdn.com/s550x750/63b437c15e1bcc0038b3b934/e3b71e27-5229-49a4-b0df-01723d1b4879_1_201_a-20230312062858-6ddce.jpg]
[w.ladicdn.com/s550x750/63b437c15e1bcc0038b3b934/6c733e5d-fdf2-4c65-81a7-4b4454390ad0_1_201_a-20230312062858-xtp4y.jpg]
[w.ladicdn.com/s550x750/63b437c15e1bcc0038b3b934/2bc1f8a9-f8df-49d7-ac8e-72e4e55c76eb_1_201_a-20230312062858-_9d1a.jpg]
[w.ladicdn.com/s550x750/63b437c15e1bcc0038b3b934/09e1cad3-b0a1-45d6-8af0-8ebc75299bf8_1_201_a-20230312062858-jiyys.jpg]
[w.ladicdn.com/s550x750/63b437c15e1bcc0038b3b934/fea50065-7ed4-48b1-a3c6-b9c8f838cfb5_1_201_a-20230312062859-ah085.jpg]
[w.ladicdn.com/s550x750/63b437c15e1bcc0038b3b934/74d6566e-845b-4cc8-9e31-ac6984b0e31b_1_201_a-20230312062858-uw6wt.jpg]
[w.ladicdn.com/s550x750/63b437c15e1bcc0038b3b934/e661155a-a395-40ef-805f-824e58c2fa4d_1_201_a-20230312062858-bxnaw.jpg]
[w.ladicdn.com/s550x750/63b437c15e1bcc0038b3b934/f11ad2fb-77c0-41d8-8806-013f5add8708_1_201_a-20230312062858-qdb-4.jpg]
[w.ladicdn.com/s550x750/63b437c15e1bcc0038b3b934/64630018-ae85-41c8-b108-ca1c46fee5b0_1_201_a-20230312063904-on6sf.jpg]
[w.ladicdn.com/s768x284/63b437c15e1bcc0038b3b934/1e8d88f93596f8f71021776b719e9fce-20230307145447-ell1k.jpg]
[w.ladicdn.com/s768x158/63b437c15e1bcc0038b3b934/1e8d88f93596f8f71021776b719e9fce-20230307144928-vijip.jpg]
[w.ladicdn.com/s750x550/63b437c15e1bcc0038b3b934/jazz-20230312025452-qnq4g.png]
[w.ladicdn.com/s650x650/63b437c15e1bcc0038b3b934/img_1501-20230312025452-_rjoa.jpg]
[w.ladicdn.com/s650x650/63b437c15e1bcc0038b3b934/img_1499-20230312025452-iscoi.png]
[w.ladicdn.com/s650x650/63b437c15e1bcc0038b3b934/la-ma-20230312025453--tw8_.jpg]
[w.ladicdn.com/s650x650/63b437c15e1bcc0038b3b934/277673800_2798589807103110_3023931335345610174_n-20230312050304-l0rke.jpg]
[ldp.page/dieulinh.html]
[w.ladicdn.com/v2/source/ladipage.mine593.css]
[w.ladicdn.com/v2/source/ladipage.mine593.css]
